<?xml version="1.0" encoding="UTF-8"?>
<!-- Generated by org.testng.reporters.JUnitXMLReporter -->
<testsuite hostname="Mactron.local" ignored="0" name="Test" tests="4" failures="0" timestamp="18 Jul 2019 04:02:48 GMT" time="14.496" errors="0">
  <testcase name="login_customer" time="1.82" classname="test.Login_test"/>
  <testcase name="open_register_page" time="0.531" classname="test.Register_new_account_test"/>
  <testcase name="fill_register_form" time="0.95" classname="test.Register_new_account_test"/>
  <testcase name="submit_register_form" time="1.498" classname="test.Register_new_account_test"/>
</testsuite> <!-- Test -->
