<?xml version="1.0" encoding="UTF-8"?>
<!-- Generated by org.testng.reporters.JUnitXMLReporter -->
<testsuite hostname="Mactron.local" ignored="0" name="Test" tests="3" failures="0" timestamp="21 Jul 2019 05:14:28 GMT" time="25.319" errors="0">
  <testcase name="signin" time="1.545" classname="test.datadriven.Signin_test"/>
  <testcase name="signin" time="1.182" classname="test.datadriven.Signin_test"/>
  <testcase name="signin" time="1.207" classname="test.datadriven.Signin_test"/>
</testsuite> <!-- Test -->
