<?xml version="1.0" encoding="UTF-8"?>
<testng-results skipped="0" failed="1" ignored="0" total="3" passed="2">
  <reporter-output>
  </reporter-output>
  <suite name="Suite_pageobject" duration-ms="11629" started-at="2019-07-21T06:24:28Z" finished-at="2019-07-21T06:24:40Z">
    <groups>
    </groups>
    <test name="Test" duration-ms="11629" started-at="2019-07-21T06:24:28Z" finished-at="2019-07-21T06:24:40Z">
      <class name="test.pageobject.Register_new_account_test">
        <test-method status="PASS" signature="beforeClass(org.testng.ITestContext, java.lang.String)[pri:0, instance:test.pageobject.Register_new_account_test@29ca901e]" name="beforeClass" is-config="true" duration-ms="4449" started-at="2019-07-21T06:24:34Z" finished-at="2019-07-21T06:24:38Z">
          <params>
            <param index="0">
              <value>
                <![CDATA[org.testng.TestRunner@5b1ebf56]]>
              </value>
            </param>
            <param index="1">
              <value>
                <![CDATA[https://parabank.parasoft.com/parabank/index.htm]]>
              </value>
            </param>
          </params>
          <reporter-output>
          </reporter-output>
        </test-method> <!-- beforeClass -->
        <test-method status="PASS" signature="complete_register_form()[pri:0, instance:test.pageobject.Register_new_account_test@29ca901e]" name="complete_register_form" duration-ms="1382" started-at="2019-07-21T06:24:38Z" finished-at="2019-07-21T06:24:39Z">
          <reporter-output>
          </reporter-output>
        </test-method> <!-- complete_register_form -->
        <test-method status="FAIL" signature="submit_register_form()[pri:0, instance:test.pageobject.Register_new_account_test@29ca901e]" name="submit_register_form" duration-ms="327" started-at="2019-07-21T06:24:39Z" finished-at="2019-07-21T06:24:40Z">
          <exception class="java.lang.IllegalStateException">
            <message>
              <![CDATA[page is not customer created]]>
            </message>
            <full-stacktrace>
              <![CDATA[java.lang.IllegalStateException: page is not customer created
at test.pageobject.resources.POSteps.verifyCustomerCreatedPageIsDisplayed(POSteps.java:54)
at test.pageobject.Register_new_account_test.submit_register_form(Register_new_account_test.java:28)
at sun.reflect.NativeMethodAccessorImpl.invoke0(Native Method)
at sun.reflect.NativeMethodAccessorImpl.invoke(NativeMethodAccessorImpl.java:62)
at sun.reflect.DelegatingMethodAccessorImpl.invoke(DelegatingMethodAccessorImpl.java:43)
at java.lang.reflect.Method.invoke(Method.java:498)
at org.testng.internal.MethodInvocationHelper.invokeMethod(MethodInvocationHelper.java:124)
at org.testng.internal.Invoker.invokeMethod(Invoker.java:583)
at org.testng.internal.Invoker.invokeTestMethod(Invoker.java:719)
at org.testng.internal.Invoker.invokeTestMethods(Invoker.java:989)
at org.testng.internal.TestMethodWorker.invokeTestMethods(TestMethodWorker.java:125)
at org.testng.internal.TestMethodWorker.run(TestMethodWorker.java:109)
at org.testng.TestRunner.privateRun(TestRunner.java:648)
at org.testng.TestRunner.run(TestRunner.java:505)
at org.testng.SuiteRunner.runTest(SuiteRunner.java:455)
at org.testng.SuiteRunner.runSequentially(SuiteRunner.java:450)
at org.testng.SuiteRunner.privateRun(SuiteRunner.java:415)
at org.testng.SuiteRunner.run(SuiteRunner.java:364)
at org.testng.SuiteRunnerWorker.runSuite(SuiteRunnerWorker.java:52)
at org.testng.SuiteRunnerWorker.run(SuiteRunnerWorker.java:84)
at org.testng.TestNG.runSuitesSequentially(TestNG.java:1208)
at org.testng.TestNG.runSuitesLocally(TestNG.java:1137)
at org.testng.TestNG.runSuites(TestNG.java:1049)
at org.testng.TestNG.run(TestNG.java:1017)
at org.testng.remote.AbstractRemoteTestNG.run(AbstractRemoteTestNG.java:115)
at org.testng.remote.RemoteTestNG.initAndRun(RemoteTestNG.java:251)
at org.testng.remote.RemoteTestNG.main(RemoteTestNG.java:77)
]]>
            </full-stacktrace>
          </exception> <!-- java.lang.IllegalStateException -->
          <reporter-output>
          </reporter-output>
        </test-method> <!-- submit_register_form -->
        <test-method status="PASS" signature="afterClass()[pri:0, instance:test.pageobject.Register_new_account_test@29ca901e]" name="afterClass" is-config="true" duration-ms="0" started-at="2019-07-21T06:24:40Z" finished-at="2019-07-21T06:24:40Z">
          <reporter-output>
          </reporter-output>
        </test-method> <!-- afterClass -->
      </class> <!-- test.pageobject.Register_new_account_test -->
      <class name="test.pageobject.Login_test">
        <test-method status="PASS" signature="beforeClass(org.testng.ITestContext, java.lang.String)[pri:0, instance:test.pageobject.Login_test@4bec1f0c]" name="beforeClass" is-config="true" duration-ms="4611" started-at="2019-07-21T06:24:28Z" finished-at="2019-07-21T06:24:33Z">
          <params>
            <param index="0">
              <value>
                <![CDATA[org.testng.TestRunner@5b1ebf56]]>
              </value>
            </param>
            <param index="1">
              <value>
                <![CDATA[https://parabank.parasoft.com/parabank/index.htm]]>
              </value>
            </param>
          </params>
          <reporter-output>
          </reporter-output>
        </test-method> <!-- beforeClass -->
        <test-method status="PASS" signature="login()[pri:0, instance:test.pageobject.Login_test@4bec1f0c]" name="login" duration-ms="840" started-at="2019-07-21T06:24:33Z" finished-at="2019-07-21T06:24:34Z">
          <reporter-output>
          </reporter-output>
        </test-method> <!-- login -->
        <test-method status="PASS" signature="afterClass()[pri:0, instance:test.pageobject.Login_test@4bec1f0c]" name="afterClass" is-config="true" duration-ms="0" started-at="2019-07-21T06:24:34Z" finished-at="2019-07-21T06:24:34Z">
          <reporter-output>
          </reporter-output>
        </test-method> <!-- afterClass -->
      </class> <!-- test.pageobject.Login_test -->
    </test> <!-- Test -->
  </suite> <!-- Suite_pageobject -->
</testng-results>
