<?xml version="1.0" encoding="UTF-8"?>
<!-- Generated by org.testng.reporters.JUnitXMLReporter -->
<testsuite hostname="Mactron.local" ignored="0" name="Test" tests="3" failures="1" timestamp="21 Jul 2019 06:24:45 GMT" time="11.629" errors="0">
  <testcase name="login" time="0.84" classname="test.pageobject.Login_test"/>
  <testcase name="complete_register_form" time="1.382" classname="test.pageobject.Register_new_account_test"/>
  <testcase name="submit_register_form" time="0.327" classname="test.pageobject.Register_new_account_test">
    <failure type="java.lang.IllegalStateException" message="page is not customer created">
      <![CDATA[java.lang.IllegalStateException: page is not customer created
at test.pageobject.resources.POSteps.verifyCustomerCreatedPageIsDisplayed(POSteps.java:54)
at test.pageobject.Register_new_account_test.submit_register_form(Register_new_account_test.java:28)
... Removed 25 stack frames]]>
    </failure>
  </testcase> <!-- submit_register_form -->
</testsuite> <!-- Test -->
